Using pre-set license
Built from '2022.3/staging' branch; Version is '2022.3.8f1 (b5eafc012955) revision 11922172'; Using compiler version '192829333'; Build Type 'Release'
OS: 'Windows 10  (10.0.19045) 64bit Professional' Language: 'ru' Physical Memory: 16317 MB
BatchMode: 1, IsHumanControllingUs: 0, StartBugReporterOnCrash: 0, Is64bit: 1, IsPro: 1

COMMAND LINE ARGUMENTS:
D:\Unity 2022.3.8f1\Editor\Unity.exe
-adb2
-batchMode
-noUpm
-name
AssetImportWorker0
-projectPath
D:/runner-3.0/Runner2.0
-logFile
Logs/AssetImportWorker0.log
-srvPort
61909
Successfully changed project path to: D:/runner-3.0/Runner2.0
D:/runner-3.0/Runner2.0
[UnityMemory] Configuration Parameters - Can be set up in boot.config
    "memorysetup-bucket-allocator-granularity=16"
    "memorysetup-bucket-allocator-bucket-count=8"
    "memorysetup-bucket-allocator-block-size=33554432"
    "memorysetup-bucket-allocator-block-count=8"
    "memorysetup-main-allocator-block-size=16777216"
    "memorysetup-thread-allocator-block-size=16777216"
    "memorysetup-gfx-main-allocator-block-size=16777216"
    "memorysetup-gfx-thread-allocator-block-size=16777216"
    "memorysetup-cache-allocator-block-size=4194304"
    "memorysetup-typetree-allocator-block-size=2097152"
    "memorysetup-profiler-bucket-allocator-granularity=16"
    "memorysetup-profiler-bucket-allocator-bucket-count=8"
    "memorysetup-profiler-bucket-allocator-block-size=33554432"
    "memorysetup-profiler-bucket-allocator-block-count=8"
    "memorysetup-profiler-allocator-block-size=16777216"
    "memorysetup-profiler-editor-allocator-block-size=1048576"
    "memorysetup-temp-allocator-size-main=16777216"
    "memorysetup-job-temp-allocator-block-size=2097152"
    "memorysetup-job-temp-allocator-block-size-background=1048576"
    "memorysetup-job-temp-allocator-reduction-small-platforms=262144"
    "memorysetup-allocator-temp-initial-block-size-main=262144"
    "memorysetup-allocator-temp-initial-block-size-worker=262144"
    "memorysetup-temp-allocator-size-background-worker=32768"
    "memorysetup-temp-allocator-size-job-worker=262144"
    "memorysetup-temp-allocator-size-preload-manager=33554432"
    "memorysetup-temp-allocator-size-nav-mesh-worker=65536"
    "memorysetup-temp-allocator-size-audio-worker=65536"
    "memorysetup-temp-allocator-size-cloud-worker=32768"
    "memorysetup-temp-allocator-size-gi-baking-worker=262144"
    "memorysetup-temp-allocator-size-gfx=262144"
Player connection [7832] Host "[IP] 192.168.100.10 [Port] 0 [Flags] 2 [Guid] 2773432203 [EditorId] 2773432203 [Version] 1048832 [Id] WindowsEditor(7,DESKTOP-OMKKEL6) [Debug] 1 [PackageName] WindowsEditor [ProjectName] Editor" joined multi-casting on [225.0.0.222:54997]...

Player connection [7832] Host "[IP] 192.168.100.10 [Port] 0 [Flags] 2 [Guid] 2773432203 [EditorId] 2773432203 [Version] 1048832 [Id] WindowsEditor(7,DESKTOP-OMKKEL6) [Debug] 1 [PackageName] WindowsEditor [ProjectName] Editor" joined alternative multi-casting on [225.0.0.222:34997]...

[Physics::Module] Initialized MultithreadedJobDispatcher with 5 workers.
Refreshing native plugins compatible for Editor in 7.61 ms, found 3 plugins.
Preloading 0 native plugins for Editor in 0.00 ms.
Initialize engine version: 2022.3.8f1 (b5eafc012955)
[Subsystems] Discovering subsystems at path D:/Unity 2022.3.8f1/Editor/Data/Resources/UnitySubsystems
[Subsystems] Discovering subsystems at path D:/runner-3.0/Runner2.0/Assets
GfxDevice: creating device client; threaded=0; jobified=0
Direct3D:
    Version:  Direct3D 11.0 [level 11.1]
    Renderer: NVIDIA GeForce GTX 1660 (ID=0x2184)
    Vendor:   NVIDIA
    VRAM:     5980 MB
    Driver:   31.0.15.3640
Initialize mono
Mono path[0] = 'D:/Unity 2022.3.8f1/Editor/Data/Managed'
Mono path[1] = 'D:/Unity 2022.3.8f1/Editor/Data/MonoBleedingEdge/lib/mono/unityjit-win32'
Mono config path = 'D:/Unity 2022.3.8f1/Editor/Data/MonoBleedingEdge/etc'
Using monoOptions --debugger-agent=transport=dt_socket,embedding=1,server=y,suspend=n,address=127.0.0.1:56184
Begin MonoManager ReloadAssembly
Registering precompiled unity dll's ...
Register platform support module: D:/Unity 2022.3.8f1/Editor/Data/PlaybackEngines/WebGLSupport/UnityEditor.WebGL.Extensions.dll
Register platform support module: D:/Unity 2022.3.8f1/Editor/Data/PlaybackEngines/AndroidPlayer/UnityEditor.Android.Extensions.dll
Register platform support module: D:/Unity 2022.3.8f1/Editor/Data/PlaybackEngines/WindowsStandaloneSupport/UnityEditor.WindowsStandalone.Extensions.dll
Registered in 0.008004 seconds.
- Loaded All Assemblies, in  0.384 seconds
Native extension for WindowsStandalone target not found
Native extension for Android target not found
Native extension for WebGL target not found
Mono: successfully reloaded assembly
- Finished resetting the current domain, in  0.340 seconds
Domain Reload Profiling: 723ms
	BeginReloadAssembly (117ms)
		ExecutionOrderSort (0ms)
		DisableScriptedObjects (0ms)
		BackupInstance (0ms)
		ReleaseScriptingObjects (0ms)
		CreateAndSetChildDomain (1ms)
	RebuildCommonClasses (36ms)
	RebuildNativeTypeToScriptingClass (12ms)
	initialDomainReloadingComplete (59ms)
	LoadAllAssembliesAndSetupDomain (158ms)
		LoadAssemblies (116ms)
		RebuildTransferFunctionScriptingTraits (0ms)
		AnalyzeDomain (155ms)
			TypeCache.Refresh (154ms)
				TypeCache.ScanAssembly (140ms)
			ScanForSourceGeneratedMonoScriptInfo (0ms)
			ResolveRequiredComponents (0ms)
	FinalizeReload (341ms)
		ReleaseScriptCaches (0ms)
		RebuildScriptCaches (0ms)
		SetupLoadedEditorAssemblies (275ms)
			LogAssemblyErrors (0ms)
			InitializePlatformSupportModulesInManaged (93ms)
			SetLoadedEditorAssemblies (5ms)
			RefreshPlugins (0ms)
			BeforeProcessingInitializeOnLoad (2ms)
			ProcessInitializeOnLoadAttributes (118ms)
			ProcessInitializeOnLoadMethodAttributes (56ms)
			AfterProcessingInitializeOnLoad (0ms)
			EditorAssembliesLoaded (0ms)
		ExecutionOrderSort2 (0ms)
		AwakeInstancesAfterBackupRestoration (0ms)
========================================================================
Worker process is ready to serve import requests
Begin MonoManager ReloadAssembly
- Loaded All Assemblies, in  0.633 seconds
Refreshing native plugins compatible for Editor in 2.49 ms, found 3 plugins.
Native extension for WindowsStandalone target not found
Native extension for Android target not found
Native extension for WebGL target not found
Package Manager log level set to [2]
[Package Manager] Server::EnsureServerProcessIsRunning -- launch failed, reason: Unity was launched with the -noUpm command-line argument
[Package Manager] UpmClient::Send -- Unable to send message (not connected to UPM process).
[Package Manager] Cannot connect to Unity Package Manager local server
Mono: successfully reloaded assembly
- Finished resetting the current domain, in  0.572 seconds
Domain Reload Profiling: 1204ms
	BeginReloadAssembly (157ms)
		ExecutionOrderSort (0ms)
		DisableScriptedObjects (6ms)
		BackupInstance (0ms)
		ReleaseScriptingObjects (0ms)
		CreateAndSetChildDomain (23ms)
	RebuildCommonClasses (35ms)
	RebuildNativeTypeToScriptingClass (12ms)
	initialDomainReloadingComplete (43ms)
	LoadAllAssembliesAndSetupDomain (385ms)
		LoadAssemblies (280ms)
		RebuildTransferFunctionScriptingTraits (0ms)
		AnalyzeDomain (197ms)
			TypeCache.Refresh (177ms)
				TypeCache.ScanAssembly (160ms)
			ScanForSourceGeneratedMonoScriptInfo (14ms)
			ResolveRequiredComponents (4ms)
	FinalizeReload (573ms)
		ReleaseScriptCaches (0ms)
		RebuildScriptCaches (0ms)
		SetupLoadedEditorAssemblies (407ms)
			LogAssemblyErrors (0ms)
			InitializePlatformSupportModulesInManaged (26ms)
			SetLoadedEditorAssemblies (3ms)
			RefreshPlugins (0ms)
			BeforeProcessingInitializeOnLoad (56ms)
			ProcessInitializeOnLoadAttributes (297ms)
			ProcessInitializeOnLoadMethodAttributes (19ms)
			AfterProcessingInitializeOnLoad (6ms)
			EditorAssembliesLoaded (0ms)
		ExecutionOrderSort2 (0ms)
		AwakeInstancesAfterBackupRestoration (7ms)
Launched and connected shader compiler UnityShaderCompiler.exe after 0.04 seconds
Refreshing native plugins compatible for Editor in 2.41 ms, found 3 plugins.
Preloading 0 native plugins for Editor in 0.00 ms.
Unloading 3070 Unused Serialized files (Serialized files now loaded: 0)
Unloading 31 unused Assets / (56.3 KB). Loaded Objects now: 3535.
Memory consumption went from 119.2 MB to 119.1 MB.
Total: 3.001200 ms (FindLiveObjects: 0.265900 ms CreateObjectMapping: 0.192900 ms MarkObjects: 2.452800 ms  DeleteObjects: 0.088800 ms)

AssetImportParameters requested are different than current active one (requested -> active):
  custom:container-demuxer-ogg: 62fdf1f143b41e24485cea50d1cbac27 -> 
  custom:video-decoder-ogg-theora: a1e56fd34408186e4bbccfd4996cb3dc -> 
  custom:framework-win-MediaFoundation: 216162199b28c13a410421893ffa2e32 -> 
  custom:CustomObjectIndexerAttribute: 756ad292c208cfabdd7b50bc23989ffe -> 
  custom:container-demuxer-webm: 4f35f7cbe854078d1ac9338744f61a02 -> 
  custom:container-muxer-webm: aa71ff27fc2769a1b78a27578f13a17b -> 
  custom:video-decoder-webm-vp8: 9c59270c3fd7afecdb556c50c9e8de78 -> 
  custom:SearchIndexIgnoredProperties: e643bd26f0fe6173181afceb89e7c659 -> 
  custom:AudioImporter_EditorPlatform: d09bf68614088b80899f8185d706f6e7 -> 
  custom:video-encoder-webm-vp8: eb34c28f22e8b96e1ab97ce403110664 -> 
  custom:audio-decoder-ogg-vorbis: bf7c407c2cedff20999df2af8eb42d56 -> 
  custom:audio-encoder-webm-vorbis: bf7c407c2cedff20999df2af8eb42d56 -> 
========================================================================
Received Import Request.
  Time since last request: 315827.710514 seconds.
  path: Assets/Materials/gray.mat
  artifactKey: Guid(f611097f6e1eb8343a640e92a8606cea) Importer(815301076,1909f56bfc062723c751e8b465ee728b)
Start importing Assets/Materials/gray.mat using Guid(f611097f6e1eb8343a640e92a8606cea) Importer(815301076,1909f56bfc062723c751e8b465ee728b)  -> (artifact id: 'b2d5d7631a577247008fe272ddda1877') in 0.085640 seconds
Number of updated asset objects reloaded before import = 0
Number of asset objects unloaded after import = 1
========================================================================
Received Import Request.
  Time since last request: 3248.179655 seconds.
  path: Assets/Models/HouseModels/house3 1.blend
  artifactKey: Guid(5c1a6952d682446409987ffd9836e6c5) Importer(815301076,1909f56bfc062723c751e8b465ee728b)
Start importing Assets/Models/HouseModels/house3 1.blend using Guid(5c1a6952d682446409987ffd9836e6c5) Importer(815301076,1909f56bfc062723c751e8b465ee728b)  -> (artifact id: 'a04c935bbea58a033bb7d1488d282ec0') in 0.164493 seconds
Number of updated asset objects reloaded before import = 0
Number of asset objects unloaded after import = 21
========================================================================
Received Import Request.
  Time since last request: 257.983146 seconds.
  path: Assets/Models/HouseModels/zabor.blend
  artifactKey: Guid(f3d1da2df32d57346a4409f5be059091) Importer(815301076,1909f56bfc062723c751e8b465ee728b)
Start importing Assets/Models/HouseModels/zabor.blend using Guid(f3d1da2df32d57346a4409f5be059091) Importer(815301076,1909f56bfc062723c751e8b465ee728b)  -> (artifact id: '670644826b610b1306f13a429482827c') in 0.028289 seconds
Number of updated asset objects reloaded before import = 0
Number of asset objects unloaded after import = 8
========================================================================
Received Import Request.
  Time since last request: 96.074761 seconds.
  path: Assets/Materials/grow.mat
  artifactKey: Guid(9fcd17b2017667e48864a86d2683989e) Importer(815301076,1909f56bfc062723c751e8b465ee728b)
Start importing Assets/Materials/grow.mat using Guid(9fcd17b2017667e48864a86d2683989e) Importer(815301076,1909f56bfc062723c751e8b465ee728b)  -> (artifact id: '8ecc501bb1fe4ab705c49623068079a3') in 0.011989 seconds
Number of updated asset objects reloaded before import = 0
Number of asset objects unloaded after import = 1
========================================================================
Received Import Request.
  Time since last request: 159.729409 seconds.
  path: Assets/Models/HouseModels/untitled1.blend
  artifactKey: Guid(2b6cb904340b586499e14894a0ad80ed) Importer(815301076,1909f56bfc062723c751e8b465ee728b)
Start importing Assets/Models/HouseModels/untitled1.blend using Guid(2b6cb904340b586499e14894a0ad80ed) Importer(815301076,1909f56bfc062723c751e8b465ee728b)  -> (artifact id: '81a8229ba91aa3c8a2ce98992cc39601') in 0.684604 seconds
Number of updated asset objects reloaded before import = 0
Number of asset objects unloaded after import = 325
========================================================================
Received Import Request.
  Time since last request: 0.000027 seconds.
  path: Assets/Models/HouseModels/zabor 1.blend
  artifactKey: Guid(d4b8fe9ef228e714998298b27a1a13bc) Importer(815301076,1909f56bfc062723c751e8b465ee728b)
Start importing Assets/Models/HouseModels/zabor 1.blend using Guid(d4b8fe9ef228e714998298b27a1a13bc) Importer(815301076,1909f56bfc062723c751e8b465ee728b)  -> (artifact id: 'ecf31363b13fe9ccea1f753cc9443ede') in 0.018003 seconds
Number of updated asset objects reloaded before import = 0
Number of asset objects unloaded after import = 8
========================================================================
Received Import Request.
  Time since last request: 0.000023 seconds.
  path: Assets/Models/HouseModels/vorota.blend
  artifactKey: Guid(d043e5d5930b71745a949a17b19bb113) Importer(815301076,1909f56bfc062723c751e8b465ee728b)
Start importing Assets/Models/HouseModels/vorota.blend using Guid(d043e5d5930b71745a949a17b19bb113) Importer(815301076,1909f56bfc062723c751e8b465ee728b)  -> (artifact id: 'fb6af5ce1f129aca1af69b1da664c7c3') in 0.030908 seconds
Number of updated asset objects reloaded before import = 0
Number of asset objects unloaded after import = 16
========================================================================
Received Import Request.
  Time since last request: 353.226940 seconds.
  path: Assets/Models/HouseModels/vorota.blend1
  artifactKey: Guid(0cfe316692a3503488b12081ba34f20b) Importer(815301076,1909f56bfc062723c751e8b465ee728b)
Start importing Assets/Models/HouseModels/vorota.blend1 using Guid(0cfe316692a3503488b12081ba34f20b) Importer(815301076,1909f56bfc062723c751e8b465ee728b)  -> (artifact id: '2b277d7bbe3320949f47b893a80f0405') in 0.001317 seconds
Number of updated asset objects reloaded before import = 0
Number of asset objects unloaded after import = 1
========================================================================
Received Import Request.
  Time since last request: 2.217983 seconds.
  path: Assets/Models/HouseModels/untitled1.blend1
  artifactKey: Guid(a2aefa027fa1e3743a80c5d59c7fa191) Importer(815301076,1909f56bfc062723c751e8b465ee728b)
Start importing Assets/Models/HouseModels/untitled1.blend1 using Guid(a2aefa027fa1e3743a80c5d59c7fa191) Importer(815301076,1909f56bfc062723c751e8b465ee728b)  -> (artifact id: '373fe06575446b23da38b3869fccb47a') in 0.000746 seconds
Number of updated asset objects reloaded before import = 0
Number of asset objects unloaded after import = 1
========================================================================
Received Import Request.
  Time since last request: 53.030555 seconds.
  path: Assets/Texture/1670851995_grizly-club-p-siluet-goroda-png-2.png
  artifactKey: Guid(99ae623223e814041a8cc36e9010e835) Importer(815301076,1909f56bfc062723c751e8b465ee728b)
Start importing Assets/Texture/1670851995_grizly-club-p-siluet-goroda-png-2.png using Guid(99ae623223e814041a8cc36e9010e835) Importer(815301076,1909f56bfc062723c751e8b465ee728b)  -> (artifact id: '38047447fbd89bdcae200c64dddb3244') in 0.024097 seconds
Number of updated asset objects reloaded before import = 0
Number of asset objects unloaded after import = 2
========================================================================
Received Import Request.
  Time since last request: 325.171993 seconds.
  path: Assets/Texture/kust2.blend
  artifactKey: Guid(ee6e8468c4d2ee24b8120d96714fa4f1) Importer(815301076,1909f56bfc062723c751e8b465ee728b)
Start importing Assets/Texture/kust2.blend using Guid(ee6e8468c4d2ee24b8120d96714fa4f1) Importer(815301076,1909f56bfc062723c751e8b465ee728b)  -> (artifact id: 'fe7fad90094bf53dcb48e43404e447dd') in 0.027328 seconds
Number of updated asset objects reloaded before import = 0
Number of asset objects unloaded after import = 8
========================================================================
Received Import Request.
  Time since last request: 908.072363 seconds.
  path: Assets/Models/SpaceModels/house4.blend
  artifactKey: Guid(5ae19ccaf632a8644b2cd429aab1abb0) Importer(815301076,1909f56bfc062723c751e8b465ee728b)
Start importing Assets/Models/SpaceModels/house4.blend using Guid(5ae19ccaf632a8644b2cd429aab1abb0) Importer(815301076,1909f56bfc062723c751e8b465ee728b)  -> (artifact id: '0034af0870ffd8ed4abf06a60a2bee22') in 0.047139 seconds
Number of updated asset objects reloaded before import = 0
Number of asset objects unloaded after import = 17
